<?xml version="1.0" encoding="UTF-8"?>
<!-- Generated by org.testng.reporters.JUnitReportReporter -->
<testsuite hostname="LAPTOP-2EUUN60H" failures="0" tests="2" name="Tests.Test1" time="28.831" errors="0" timestamp="2024-01-30T20:33:15 IST" skipped="0">
  <testcase classname="Tests.Test1" name="PlaceOrder" time="20.804"/>
  <system-out/>
  <testcase classname="Tests.Test1" name="PlaceOrder" time="8.027"/>
  <system-out/>
</testsuite> <!-- Tests.Test1 -->
