<?xml version="1.0" encoding="UTF-8"?>
<!-- Generated by org.testng.reporters.JUnitReportReporter -->
<testsuite hostname="LAPTOP-2EUUN60H" failures="0" tests="1" name="Tests.Test1" time="22.782" errors="0" timestamp="2024-01-25T21:09:13 IST" skipped="0">
  <testcase classname="Tests.Test1" name="PlaceOrder" time="22.782"/>
  <system-out/>
</testsuite> <!-- Tests.Test1 -->
